Arguments: 
  /usr/bin/node /usr/bin/yarn add nodemoon

PATH: 
  /usr/local/rvm/gems/ruby-2.7.2/bin:/usr/local/rvm/gems/ruby-2.7.2@global/bin:/usr/local/rvm/rubies/ruby-2.7.2/bin:/usr/local/rvm/bin:/home/shane/.local/bin:/home/shane/.local/bin:/home/shane/.cargo/bin:/home/shane/.local/bin:/usr/local/bin:/usr/bin:/bin:/usr/local/sbin:/usr/lib/jvm/default/bin:/usr/bin/site_perl:/usr/bin/vendor_perl:/usr/bin/core_perl:/var/lib/snapd/snap/bin:/usr/lib/jvm/default/bin:/usr/local/bin:/home/shane/.cargo/bin:/home/shane/go/bin:/home/shane/Downloads/applications/gh/gh_1.14.0_linux_386/bin:/home/shane/Downloads/applications/dbeaver:/home/shane/workspace/freelancer/how_to_run:/home/shane/.yarn/bin:/usr/lib/jvm/default/bin:/usr/local/bin:/home/shane/.cargo/bin:/home/shane/go/bin:/home/shane/Downloads/applications/gh/gh_1.14.0_linux_386/bin:/home/shane/Downloads/applications/dbeaver:/home/shane/workspace/freelancer/how_to_run

Yarn version: 
  1.22.17

Node version: 
  16.11.1

Platform: 
  linux x64

Trace: 
  Error: https://registry.yarnpkg.com/nodemoon: Not found
      at Request.params.callback [as _callback] (/usr/lib/node_modules/yarn/lib/cli.js:67029:18)
      at Request.self.callback (/usr/lib/node_modules/yarn/lib/cli.js:140883:22)
      at Request.emit (node:events:390:28)
      at Request.<anonymous> (/usr/lib/node_modules/yarn/lib/cli.js:141855:10)
      at Request.emit (node:events:390:28)
      at IncomingMessage.<anonymous> (/usr/lib/node_modules/yarn/lib/cli.js:141777:12)
      at Object.onceWrapper (node:events:509:28)
      at IncomingMessage.emit (node:events:402:35)
      at endReadableNT (node:internal/streams/readable:1343:12)
      at processTicksAndRejections (node:internal/process/task_queues:83:21)

npm manifest: 
  {
    "name": "server",
    "version": "1.0.0",
    "main": "index.js",
    "license": "MIT",
    "dependencies": {
      "fastify": "^3.24.0",
      "fastify-cors": "^6.0.2"
    },
    "scripts": {
      "start": "babel src -d lib"
    }
  }

yarn manifest: 
  No manifest

Lockfile: 
  # THIS IS AN AUTOGENERATED FILE. DO NOT EDIT THIS FILE DIRECTLY.
  # yarn lockfile v1
  
  
  "@fastify/ajv-compiler@^1.0.0":
    version "1.1.0"
    resolved "https://registry.npmjs.org/@fastify/ajv-compiler/-/ajv-compiler-1.1.0.tgz"
    integrity sha512-gvCOUNpXsWrIQ3A4aXCLIdblL0tDq42BG/2Xw7oxbil9h11uow10ztS2GuFazNBfjbrsZ5nl+nPl5jDSjj5TSg==
    dependencies:
      ajv "^6.12.6"
  
  abstract-logging@^2.0.0:
    version "2.0.1"
    resolved "https://registry.npmjs.org/abstract-logging/-/abstract-logging-2.0.1.tgz"
    integrity sha512-2BjRTZxTPvheOvGbBslFSYOUkr+SjPtOnrLP33f+VIWLzezQpZcqVg7ja3L4dBXmzzgwT+a029jRx5PCi3JuiA==
  
  ajv@^6.11.0, ajv@^6.12.6:
    version "6.12.6"
    resolved "https://registry.npmjs.org/ajv/-/ajv-6.12.6.tgz"
    integrity sha512-j3fVLgvTo527anyYyJOGTYJbG+vnnQYvE0m5mmkc1TK+nxAppkCLMIL0aZ4dblVCNoGShhm+kzE4ZUykBoMg4g==
    dependencies:
      fast-deep-equal "^3.1.1"
      fast-json-stable-stringify "^2.0.0"
      json-schema-traverse "^0.4.1"
      uri-js "^4.2.2"
  
  ajv@^8.1.0:
    version "8.8.2"
    resolved "https://registry.npmjs.org/ajv/-/ajv-8.8.2.tgz"
    integrity sha512-x9VuX+R/jcFj1DHo/fCp99esgGDWiHENrKxaCENuCxpoMCmAt/COCGVDwA7kleEpEzJjDnvh3yGoOuLu0Dtllw==
    dependencies:
      fast-deep-equal "^3.1.1"
      json-schema-traverse "^1.0.0"
      require-from-string "^2.0.2"
      uri-js "^4.2.2"
  
  archy@^1.0.0:
    version "1.0.0"
    resolved "https://registry.npmjs.org/archy/-/archy-1.0.0.tgz"
    integrity sha1-+cjBN1fMHde8N5rHeyxipcKGjEA=
  
  atomic-sleep@^1.0.0:
    version "1.0.0"
    resolved "https://registry.npmjs.org/atomic-sleep/-/atomic-sleep-1.0.0.tgz"
    integrity sha512-kNOjDqAh7px0XWNI+4QbzoiR/nTkHAWNud2uvnJquD1/x5a7EQZMJT0AczqK0Qn67oY/TTQ1LbUKajZpp3I9tQ==
  
  avvio@^7.1.2:
    version "7.2.2"
    resolved "https://registry.npmjs.org/avvio/-/avvio-7.2.2.tgz"
    integrity sha512-XW2CMCmZaCmCCsIaJaLKxAzPwF37fXi1KGxNOvedOpeisLdmxZnblGc3hpHWYnlP+KOUxZsazh43WXNHgXpbqw==
    dependencies:
      archy "^1.0.0"
      debug "^4.0.0"
      fastq "^1.6.1"
      queue-microtask "^1.1.2"
  
  cookie@^0.4.0:
    version "0.4.1"
    resolved "https://registry.npmjs.org/cookie/-/cookie-0.4.1.tgz"
    integrity sha512-ZwrFkGJxUR3EIoXtO+yVE69Eb7KlixbaeAWfBQB9vVsNn/o+Yw69gBWSSDK825hQNdN+wF8zELf3dFNl/kxkUA==
  
  debug@^4.0.0:
    version "4.3.2"
    resolved "https://registry.npmjs.org/debug/-/debug-4.3.2.tgz"
    integrity sha512-mOp8wKcvj7XxC78zLgw/ZA+6TSgkoE2C/ienthhRD298T7UNwAg9diBpLRxC0mOezLl4B0xV7M0cCO6P/O0Xhw==
    dependencies:
      ms "2.1.2"
  
  deepmerge@^4.2.2:
    version "4.2.2"
    resolved "https://registry.npmjs.org/deepmerge/-/deepmerge-4.2.2.tgz"
    integrity sha512-FJ3UgI4gIl+PHZm53knsuSFpE+nESMr7M4v9QcgB7S63Kj/6WqMiFQJpBBYz1Pt+66bZpP3Q7Lye0Oo9MPKEdg==
  
  fast-decode-uri-component@^1.0.1:
    version "1.0.1"
    resolved "https://registry.npmjs.org/fast-decode-uri-component/-/fast-decode-uri-component-1.0.1.tgz"
    integrity sha512-WKgKWg5eUxvRZGwW8FvfbaH7AXSh2cL+3j5fMGzUMCxWBJ3dV3a7Wz8y2f/uQ0e3B6WmodD3oS54jTQ9HVTIIg==
  
  fast-deep-equal@^3.1.1, fast-deep-equal@^3.1.3:
    version "3.1.3"
    resolved "https://registry.npmjs.org/fast-deep-equal/-/fast-deep-equal-3.1.3.tgz"
    integrity sha512-f3qQ9oQy9j2AhBe/H9VC91wLmKBCCU/gDOnKNAYG5hswO7BLKj09Hc5HYNz9cGI++xlpDCIgDaitVs03ATR84Q==
  
  fast-json-stable-stringify@^2.0.0:
    version "2.1.0"
    resolved "https://registry.npmjs.org/fast-json-stable-stringify/-/fast-json-stable-stringify-2.1.0.tgz"
    integrity sha512-lhd/wF+Lk98HZoTCtlVraHtfh5XYijIjalXck7saUtuanSDyLMxnHhSXEDJqHxD7msR8D0uCmqlkwjCV8xvwHw==
  
  fast-json-stringify@^2.5.2:
    version "2.7.12"
    resolved "https://registry.npmjs.org/fast-json-stringify/-/fast-json-stringify-2.7.12.tgz"
    integrity sha512-4hjwZDPmgj/ZUKXhEWovGPciE/5mWtAIQQxN+2VBDFun7DRTk2oOItbu9ZZp6kqj+eZ/u7z+dgBgM74cfGRnBQ==
    dependencies:
      ajv "^6.11.0"
      deepmerge "^4.2.2"
      rfdc "^1.2.0"
      string-similarity "^4.0.1"
  
  fast-redact@^3.0.0:
    version "3.0.2"
    resolved "https://registry.npmjs.org/fast-redact/-/fast-redact-3.0.2.tgz"
    integrity sha512-YN+CYfCVRVMUZOUPeinHNKgytM1wPI/C/UCLEi56EsY2dwwvI00kIJHJoI7pMVqGoMew8SMZ2SSfHKHULHXDsg==
  
  fast-safe-stringify@^2.0.8:
    version "2.1.1"
    resolved "https://registry.npmjs.org/fast-safe-stringify/-/fast-safe-stringify-2.1.1.tgz"
    integrity sha512-W+KJc2dmILlPplD/H4K9l9LcAHAfPtP6BY84uVLXQ6Evcz9Lcg33Y2z1IVblT6xdY54PXYVHEv+0Wpq8Io6zkA==
  
  fastify-cors@^6.0.2:
    version "6.0.2"
    resolved "https://registry.yarnpkg.com/fastify-cors/-/fastify-cors-6.0.2.tgz#4fd5102549659e9b34d252fd7ee607b63d021390"
    integrity sha512-sE0AOyzmj5hLLRRVgenjA6G2iOGX35/1S3QGYB9rr9TXelMZB3lFrXy4CzwYVOMiujJeMiLgO4J7eRm8sQSv8Q==
    dependencies:
      fastify-plugin "^3.0.0"
      vary "^1.1.2"
  
  fastify-error@^0.3.0:
    version "0.3.1"
    resolved "https://registry.npmjs.org/fastify-error/-/fastify-error-0.3.1.tgz"
    integrity sha512-oCfpcsDndgnDVgiI7bwFKAun2dO+4h84vBlkWsWnz/OUK9Reff5UFoFl241xTiLeHWX/vU9zkDVXqYUxjOwHcQ==
  
  fastify-plugin@^3.0.0:
    version "3.0.0"
    resolved "https://registry.yarnpkg.com/fastify-plugin/-/fastify-plugin-3.0.0.tgz#cf1b8c8098e3b5a7c8c30e6aeb06903370c054ca"
    integrity sha512-ZdCvKEEd92DNLps5n0v231Bha8bkz1DjnPP/aEz37rz/q42Z5JVLmgnqR4DYuNn3NXAO3IDCPyRvgvxtJ4Ym4w==
  
  fastify-warning@^0.2.0:
    version "0.2.0"
    resolved "https://registry.npmjs.org/fastify-warning/-/fastify-warning-0.2.0.tgz"
    integrity sha512-s1EQguBw/9qtc1p/WTY4eq9WMRIACkj+HTcOIK1in4MV5aFaQC9ZCIt0dJ7pr5bIf4lPpHvAtP2ywpTNgs7hqw==
  
  fastify@^3.24.0:
    version "3.24.0"
    resolved "https://registry.npmjs.org/fastify/-/fastify-3.24.0.tgz"
    integrity sha512-fmRyrI25rzLGHDQ1FME02NsbP658mVa0EaSqfYUFwx2UOF+4/GcyNrsdWILSDOEiUbOsRYCD3sRCE9v7mvRLRQ==
    dependencies:
      "@fastify/ajv-compiler" "^1.0.0"
      abstract-logging "^2.0.0"
      avvio "^7.1.2"
      fast-json-stringify "^2.5.2"
      fastify-error "^0.3.0"
      fastify-warning "^0.2.0"
      find-my-way "^4.1.0"
      flatstr "^1.0.12"
      light-my-request "^4.2.0"
      pino "^6.13.0"
      proxy-addr "^2.0.7"
      rfdc "^1.1.4"
      secure-json-parse "^2.0.0"
      semver "^7.3.2"
      tiny-lru "^7.0.0"
  
  fastq@^1.6.1:
    version "1.13.0"
    resolved "https://registry.npmjs.org/fastq/-/fastq-1.13.0.tgz"
    integrity sha512-YpkpUnK8od0o1hmeSc7UUs/eB/vIPWJYjKck2QKIzAf71Vm1AAQ3EbuZB3g2JIy+pg+ERD0vqI79KyZiB2e2Nw==
    dependencies:
      reusify "^1.0.4"
  
  find-my-way@^4.1.0:
    version "4.4.0"
    resolved "https://registry.npmjs.org/find-my-way/-/find-my-way-4.4.0.tgz"
    integrity sha512-hpntHvK0iOHp3pqWRRUEzioar4tp8euBD8DkPG3VauOriZLgwGZLTNp6yZSrdctJ8RCDS7zhZSR2V+yOaBbNow==
    dependencies:
      fast-decode-uri-component "^1.0.1"
      fast-deep-equal "^3.1.3"
      safe-regex2 "^2.0.0"
      semver-store "^0.3.0"
  
  flatstr@^1.0.12:
    version "1.0.12"
    resolved "https://registry.npmjs.org/flatstr/-/flatstr-1.0.12.tgz"
    integrity sha512-4zPxDyhCyiN2wIAtSLI6gc82/EjqZc1onI4Mz/l0pWrAlsSfYH/2ZIcU+e3oA2wDwbzIWNKwa23F8rh6+DRWkw==
  
  forwarded@0.2.0:
    version "0.2.0"
    resolved "https://registry.npmjs.org/forwarded/-/forwarded-0.2.0.tgz"
    integrity sha512-buRG0fpBtRHSTCOASe6hD258tEubFoRLb4ZNA6NxMVHNw2gOcwHo9wyablzMzOA5z9xA9L1KNjk/Nt6MT9aYow==
  
  ipaddr.js@1.9.1:
    version "1.9.1"
    resolved "https://registry.npmjs.org/ipaddr.js/-/ipaddr.js-1.9.1.tgz"
    integrity sha512-0KI/607xoxSToH7GjN1FfSbLoU0+btTicjsQSWQlh/hZykN8KpmMf7uYwPW3R+akZ6R/w18ZlXSHBYXiYUPO3g==
  
  json-schema-traverse@^0.4.1:
    version "0.4.1"
    resolved "https://registry.npmjs.org/json-schema-traverse/-/json-schema-traverse-0.4.1.tgz"
    integrity sha512-xbbCH5dCYU5T8LcEhhuh7HJ88HXuW3qsI3Y0zOZFKfZEHcpWiHU/Jxzk629Brsab/mMiHQti9wMP+845RPe3Vg==
  
  json-schema-traverse@^1.0.0:
    version "1.0.0"
    resolved "https://registry.npmjs.org/json-schema-traverse/-/json-schema-traverse-1.0.0.tgz"
    integrity sha512-NM8/P9n3XjXhIZn1lLhkFaACTOURQXjWhV4BA/RnOv8xvgqtqpAX9IO4mRQxSx1Rlo4tqzeqb0sOlruaOy3dug==
  
  light-my-request@^4.2.0:
    version "4.7.0"
    resolved "https://registry.npmjs.org/light-my-request/-/light-my-request-4.7.0.tgz"
    integrity sha512-LTa8YZp3K2AUpqUnwwKajoIHcsKOBnzwJNQSrk7unziPwo6CjOYjyO0F9wfkxFvP+nBsCGe3eMPnedVgIIgdAw==
    dependencies:
      ajv "^8.1.0"
      cookie "^0.4.0"
      fastify-warning "^0.2.0"
      set-cookie-parser "^2.4.1"
  
  lru-cache@^6.0.0:
    version "6.0.0"
    resolved "https://registry.npmjs.org/lru-cache/-/lru-cache-6.0.0.tgz"
    integrity sha512-Jo6dJ04CmSjuznwJSS3pUeWmd/H0ffTlkXXgwZi+eq1UCmqQwCh+eLsYOYCwY991i2Fah4h1BEMCx4qThGbsiA==
    dependencies:
      yallist "^4.0.0"
  
  ms@2.1.2:
    version "2.1.2"
    resolved "https://registry.npmjs.org/ms/-/ms-2.1.2.tgz"
    integrity sha512-sGkPx+VjMtmA6MX27oA4FBFELFCZZ4S4XqeGOXCv68tT+jb3vk/RyaKWP0PTKyWtmLSM0b+adUTEvbs1PEaH2w==
  
  pino-std-serializers@^3.1.0:
    version "3.2.0"
    resolved "https://registry.npmjs.org/pino-std-serializers/-/pino-std-serializers-3.2.0.tgz"
    integrity sha512-EqX4pwDPrt3MuOAAUBMU0Tk5kR/YcCM5fNPEzgCO2zJ5HfX0vbiH9HbJglnyeQsN96Kznae6MWD47pZB5avTrg==
  
  pino@^6.13.0:
    version "6.13.3"
    resolved "https://registry.npmjs.org/pino/-/pino-6.13.3.tgz"
    integrity sha512-tJy6qVgkh9MwNgqX1/oYi3ehfl2Y9H0uHyEEMsBe74KinESIjdMrMQDWpcZPpPicg3VV35d/GLQZmo4QgU2Xkg==
    dependencies:
      fast-redact "^3.0.0"
      fast-safe-stringify "^2.0.8"
      fastify-warning "^0.2.0"
      flatstr "^1.0.12"
      pino-std-serializers "^3.1.0"
      quick-format-unescaped "^4.0.3"
      sonic-boom "^1.0.2"
  
  proxy-addr@^2.0.7:
    version "2.0.7"
    resolved "https://registry.npmjs.org/proxy-addr/-/proxy-addr-2.0.7.tgz"
    integrity sha512-llQsMLSUDUPT44jdrU/O37qlnifitDP+ZwrmmZcoSKyLKvtZxpyV0n2/bD/N4tBAAZ/gJEdZU7KMraoK1+XYAg==
    dependencies:
      forwarded "0.2.0"
      ipaddr.js "1.9.1"
  
  punycode@^2.1.0:
    version "2.1.1"
    resolved "https://registry.npmjs.org/punycode/-/punycode-2.1.1.tgz"
    integrity sha512-XRsRjdf+j5ml+y/6GKHPZbrF/8p2Yga0JPtdqTIY2Xe5ohJPD9saDJJLPvp9+NSBprVvevdXZybnj2cv8OEd0A==
  
  queue-microtask@^1.1.2:
    version "1.2.3"
    resolved "https://registry.npmjs.org/queue-microtask/-/queue-microtask-1.2.3.tgz"
    integrity sha512-NuaNSa6flKT5JaSYQzJok04JzTL1CA6aGhv5rfLW3PgqA+M2ChpZQnAC8h8i4ZFkBS8X5RqkDBHA7r4hej3K9A==
  
  quick-format-unescaped@^4.0.3:
    version "4.0.4"
    resolved "https://registry.npmjs.org/quick-format-unescaped/-/quick-format-unescaped-4.0.4.tgz"
    integrity sha512-tYC1Q1hgyRuHgloV/YXs2w15unPVh8qfu/qCTfhTYamaw7fyhumKa2yGpdSo87vY32rIclj+4fWYQXUMs9EHvg==
  
  require-from-string@^2.0.2:
    version "2.0.2"
    resolved "https://registry.npmjs.org/require-from-string/-/require-from-string-2.0.2.tgz"
    integrity sha512-Xf0nWe6RseziFMu+Ap9biiUbmplq6S9/p+7w7YXP/JBHhrUDDUhwa+vANyubuqfZWTveU//DYVGsDG7RKL/vEw==
  
  ret@~0.2.0:
    version "0.2.2"
    resolved "https://registry.npmjs.org/ret/-/ret-0.2.2.tgz"
    integrity sha512-M0b3YWQs7R3Z917WRQy1HHA7Ba7D8hvZg6UE5mLykJxQVE2ju0IXbGlaHPPlkY+WN7wFP+wUMXmBFA0aV6vYGQ==
  
  reusify@^1.0.4:
    version "1.0.4"
    resolved "https://registry.npmjs.org/reusify/-/reusify-1.0.4.tgz"
    integrity sha512-U9nH88a3fc/ekCF1l0/UP1IosiuIjyTh7hBvXVMHYgVcfGvt897Xguj2UOLDeI5BG2m7/uwyaLVT6fbtCwTyzw==
  
  rfdc@^1.1.4, rfdc@^1.2.0:
    version "1.3.0"
    resolved "https://registry.npmjs.org/rfdc/-/rfdc-1.3.0.tgz"
    integrity sha512-V2hovdzFbOi77/WajaSMXk2OLm+xNIeQdMMuB7icj7bk6zi2F8GGAxigcnDFpJHbNyNcgyJDiP+8nOrY5cZGrA==
  
  safe-regex2@^2.0.0:
    version "2.0.0"
    resolved "https://registry.npmjs.org/safe-regex2/-/safe-regex2-2.0.0.tgz"
    integrity sha512-PaUSFsUaNNuKwkBijoAPHAK6/eM6VirvyPWlZ7BAQy4D+hCvh4B6lIG+nPdhbFfIbP+gTGBcrdsOaUs0F+ZBOQ==
    dependencies:
      ret "~0.2.0"
  
  secure-json-parse@^2.0.0:
    version "2.4.0"
    resolved "https://registry.npmjs.org/secure-json-parse/-/secure-json-parse-2.4.0.tgz"
    integrity sha512-Q5Z/97nbON5t/L/sH6mY2EacfjVGwrCcSi5D3btRO2GZ8pf1K1UN7Z9H5J57hjVU2Qzxr1xO+FmBhOvEkzCMmg==
  
  semver-store@^0.3.0:
    version "0.3.0"
    resolved "https://registry.npmjs.org/semver-store/-/semver-store-0.3.0.tgz"
    integrity sha512-TcZvGMMy9vodEFSse30lWinkj+JgOBvPn8wRItpQRSayhc+4ssDs335uklkfvQQJgL/WvmHLVj4Ycv2s7QCQMg==
  
  semver@^7.3.2:
    version "7.3.5"
    resolved "https://registry.npmjs.org/semver/-/semver-7.3.5.tgz"
    integrity sha512-PoeGJYh8HK4BTO/a9Tf6ZG3veo/A7ZVsYrSA6J8ny9nb3B1VrpkuN+z9OE5wfE5p6H4LchYZsegiQgbJD94ZFQ==
    dependencies:
      lru-cache "^6.0.0"
  
  set-cookie-parser@^2.4.1:
    version "2.4.8"
    resolved "https://registry.npmjs.org/set-cookie-parser/-/set-cookie-parser-2.4.8.tgz"
    integrity sha512-edRH8mBKEWNVIVMKejNnuJxleqYE/ZSdcT8/Nem9/mmosx12pctd80s2Oy00KNZzrogMZS5mauK2/ymL1bvlvg==
  
  sonic-boom@^1.0.2:
    version "1.4.1"
    resolved "https://registry.npmjs.org/sonic-boom/-/sonic-boom-1.4.1.tgz"
    integrity sha512-LRHh/A8tpW7ru89lrlkU4AszXt1dbwSjVWguGrmlxE7tawVmDBlI1PILMkXAxJTwqhgsEeTHzj36D5CmHgQmNg==
    dependencies:
      atomic-sleep "^1.0.0"
      flatstr "^1.0.12"
  
  string-similarity@^4.0.1:
    version "4.0.4"
    resolved "https://registry.npmjs.org/string-similarity/-/string-similarity-4.0.4.tgz"
    integrity sha512-/q/8Q4Bl4ZKAPjj8WerIBJWALKkaPRfrvhfF8k/B23i4nzrlRj2/go1m90In7nG/3XDSbOo0+pu6RvCTM9RGMQ==
  
  tiny-lru@^7.0.0:
    version "7.0.6"
    resolved "https://registry.npmjs.org/tiny-lru/-/tiny-lru-7.0.6.tgz"
    integrity sha512-zNYO0Kvgn5rXzWpL0y3RS09sMK67eGaQj9805jlK9G6pSadfriTczzLHFXa/xcW4mIRfmlB9HyQ/+SgL0V1uow==
  
  uri-js@^4.2.2:
    version "4.4.1"
    resolved "https://registry.npmjs.org/uri-js/-/uri-js-4.4.1.tgz"
    integrity sha512-7rKUyy33Q1yc98pQ1DAmLtwX109F7TIfWlW1Ydo8Wl1ii1SeHieeh0HHfPeL2fMXK6z0s8ecKs9frCuLJvndBg==
    dependencies:
      punycode "^2.1.0"
  
  vary@^1.1.2:
    version "1.1.2"
    resolved "https://registry.yarnpkg.com/vary/-/vary-1.1.2.tgz#2299f02c6ded30d4a5961b0b9f74524a18f634fc"
    integrity sha1-IpnwLG3tMNSllhsLn3RSShj2NPw=
  
  yallist@^4.0.0:
    version "4.0.0"
    resolved "https://registry.npmjs.org/yallist/-/yallist-4.0.0.tgz"
    integrity sha512-3wdGidZyq5PB084XLES5TpOSRA3wjXAlIWMhum2kRcv/41Sn2emQ0dycQW4uZXLejwKvg6EsvbdlVL+FYEct7A==
